TN:
SF:src/modules/beer/services/CreateBeerService.ts
FN:10,(anonymous_11)
FN:15,(anonymous_12)
FNF:2
FNH:2
FNDA:1,(anonymous_11)
FNDA:1,(anonymous_12)
DA:1,1
DA:2,1
DA:9,1
DA:12,1
DA:16,1
DA:18,1
LF:6
LH:6
BRF:0
BRH:0
end_of_record
TN:
SF:src/modules/brewer/services/CreateBrewerService.ts
FN:10,(anonymous_13)
FN:15,(anonymous_14)
FNF:2
FNH:2
FNDA:2,(anonymous_13)
FNDA:3,(anonymous_14)
DA:1,1
DA:2,1
DA:9,1
DA:12,2
DA:16,3
DA:17,3
DA:19,3
DA:21,3
DA:22,1
DA:25,2
DA:30,2
LF:11
LH:11
BRDA:21,0,0,1
BRDA:21,0,1,2
BRF:2
BRH:2
end_of_record
