TN:
SF:src/modules/beer/services/CreateBeerService.ts
FN:12,(anonymous_12)
FN:19,(anonymous_13)
FNF:2
FNH:2
FNDA:2,(anonymous_12)
FNDA:3,(anonymous_13)
DA:1,2
DA:2,2
DA:5,2
DA:11,2
DA:14,2
DA:16,2
DA:26,3
DA:28,3
DA:29,1
DA:32,2
DA:40,2
LF:11
LH:11
BRDA:28,0,0,1
BRDA:28,0,1,2
BRF:2
BRH:2
end_of_record
TN:
SF:src/modules/beer/services/DeleteBeerService.ts
FN:13,(anonymous_12)
FN:20,(anonymous_13)
FNF:2
FNH:2
FNDA:1,(anonymous_12)
FNDA:2,(anonymous_13)
DA:1,1
DA:2,1
DA:4,1
DA:12,1
DA:15,1
DA:17,1
DA:21,2
DA:23,2
DA:24,1
DA:27,1
LF:10
LH:10
BRDA:23,0,0,1
BRDA:23,0,1,1
BRF:2
BRH:2
end_of_record
TN:
SF:src/modules/brewer/services/CreateBrewerService.ts
FN:10,(anonymous_12)
FN:15,(anonymous_13)
FNF:2
FNH:2
FNDA:4,(anonymous_12)
FNDA:4,(anonymous_13)
DA:1,2
DA:2,2
DA:9,2
DA:12,4
DA:25,4
DA:27,4
DA:28,1
DA:30,3
DA:41,3
LF:9
LH:9
BRDA:27,0,0,1
BRDA:27,0,1,3
BRF:2
BRH:2
end_of_record
TN:
SF:src/modules/brewer/services/DeleteBrewerService.ts
FN:8,(anonymous_12)
FN:13,(anonymous_13)
FNF:2
FNH:2
FNDA:2,(anonymous_12)
FNDA:2,(anonymous_13)
DA:1,1
DA:3,1
DA:7,1
DA:10,2
DA:14,2
DA:16,2
DA:17,1
DA:20,1
LF:8
LH:8
BRDA:16,0,0,1
BRDA:16,0,1,1
BRF:2
BRH:2
end_of_record
